ser	O que queres ser quando fores grande ?
ser	Mesmo se fores menor , levas uma tareia na planta dos pés e é andar para casa e não vais fazer queixa .
ser	Se , de facto , fores tratado como se não valesses nada , tu ages como se assim fosse .
ser	Os empréstimos bonificados , com a ideia « tiras o curso agora e quando fores colocado no mercado de trabalho terás de nos pagar » , estão a ser aplicados .
n-é-verbo#	As árvores cobrem-se de folhas e encantam-nos com as suas fores perfumadas , magníficas e por vezes de formas caprichosas e gentis .
n-é-verbo#	Em vez do tradicional ramo de fores , a noiva leva um missal forrado de seda branca com uma cruz bordada a pérolas .
ser	Algum dia , leitor , terás que morrer ; e , se fores como a maioria dos mortais , terás medo da morte , pensando que ela é penoso transe .
ser	Foi então que surgiram os primeiros acordes do grande e último sucesso dos Anjos , um autêntico " hit ", um hino à escola e à aprendizagem , o tema " Quando fores grande ... " (o que queres ser) , e que que foi utilizado para uma campanha de angariação de fundos destinados à construção de uma escola em Timor .
ser	Se fores vencido , ela guardará tua lembrança , pois nunca seus olhos viram mais belo caçador .
ser	Se fores vencedor , será uma alegria para a virgem do sol pertencer ao mais valente dos guerreiros .
ser	Quando fores um guerreiro , acharás cem mancebos do sangue de Itaquê para castigarem tua audácia .
ser	Lembra-te somente que no dia em que tu fores cristão , tua senhora te estimará ainda mais .
ser	Quando fores de noite à nua , Aihée !
ser	A metade do mundo sempre te será adversa : se fores bom , os maus te combaterão .
ser	Se fores mau , os bons te combaterão .
ser	Mas a cultura não se opõe à religião , antes pelo contrário , a religião pode ser mais consciente na medida em que fores culturalmente mais desenvolvido .
ser	Se fores apurado para o serviço militar , tu pedes a demissão porque eu não quero ficar com o compromisso de estar a admitir pessoas sem a tropa porque seria abrir um precedente para outras pessoas.
ir	Se fores o senhor doutor és um tipo importante .
?	Se fores ó para baixo fica à mão esquerda , se vieres </corr> ó para cima fica à direita , vós podeis entrar de um lado e do outro.
ser#	Depois de breve pausa , continuou falando outra vez ao retrato : -- Quando ele convencer-me do seu amor e arrancar de meu coração a última raiz desta dúvida atroz , que o dilacera ; quando nele encontrar-te a ti , o meu ideal , o soberano de meu amor ; quando tu e ele fores um , e que eu não vos possa distinguir nem no meu afeto , nem nas minhas recordações ; nesse dia , eu lhe pertenço ...
ser	Se fores boazinha e dócil a teus avós ...
ser#	O Hóspede Choro por ver que os dias passam breves E.e esqueces de mim quando tu fores Como as brisas que passam doudas , leves , E.ão tornam atrás a ver as flores .
ser	Por melhor que seja o teu caráter , por mais perfeito que seja o teu coração , por mais senhora que fores do teu temperamento , dos teus desejos e das tuas aspirações , nunca darás uma esposa perfeita , se ao teu casamento não presidirem , o amor em primeiro lugar , depois a harmonia completa de idades , de espírito , de bens e de educação .
ir	Se lá fores , será capaz muito de perdoar tudo e ..
ser	Desconfia de ti próprio , sempre que não fores necessário a alguém ; se não prestares para os outros , menos prestarás para ti mesmo ...
ir	Mas , filho , dou-te a minha palavra de honra , que fico muito mais agradecido se não fores !
ser	Nega se fores capaz !
ser	Eu recompensar-te-ei , se fores fiel .
ser	Tu que me lês , se ainda fores viva , quando estas páginas vierem à luz , -- tu que me lês , Virgília amada , não reparas na diferença entre a linguagem de hoje e a que primeiro empreguei quando te vi ?
ser	Digo-te já de enfadado , que se fores atrevido , não só te há de ver perdido , mas sim de todo acabado : olha , que o que tens falado , é mui bastante motivo para te não deixar vivo , do teu falar mal te vem : mas não o saiba ninguém .
ser	Tens o jurupango com muita fazenda , que também podes tomar se fores servido .
ir	Ao que eles responderam , dizes verdade , porque aqui nesta aldeia não ia mais que redes e paraos de pescar , com que pobremente nos sustentamos , porém se tu fores por este rio acima à cidade de Pilaucacem onde está El-rei , nós te segurávamos que em menos de cinco dias venderas dez juncos desses carregados de todas as fazendas que trouxeras por muito ricas que foram , porque há lá mercadores muito grossos que tratam por cáfilas de elefantes , e de bois , e de camelos para toda a terra dos Lauhòs , e Pafuaas , e Gueos , que são povos de gentes muito ricas .
ser	Se tu fores um modelo de bondade mas não jejuares , não te confessares , não te para o senhor cura -- és simplesmente um maroto .
ir	Se tu não fores à missa , não jejuares , não te confessares , não te para o senhor cura -- és um maroto .
ir	Quando fores pela Ricoça dá recados àquelas santinhas ...
ir	Videirinha gemeu deliciosamente a Soledad : Quando fores ao cemitério Ai Soledad , Soledad !
ser	Quando fores feliz , terás inumeráveis amigos ; no dia da adversidade , sozinho ficarás .
ser	Bem sabes que sou teu Senhor e que , se me fores leal , terás a liberdade ; e assim saberás que eu sou frágil .
ir	Bem o podes dar afoitamente , que ainda te faço favor ; e , para que te descubra todo este enigma , quando fores à empresa , te hei-de dar um capelo meu , que foi de minha avó , o qual quem o põe ninguém o vê , e pode ir por onde quiser e entrar em toda a parte , sem ser visto ; e assim irás com ele à conquista do burro caga-dinheiro , e o poderás trazer a paz e a salvo , sem de ninguém seres visto , nem cheirado .
ser	Adverte , Esfuziote , que , se revelares o que ouviste , serás castigado por El-Rei , meu pai , pois o braço de um rei chega a toda a parte ; e , se fores fiel e eu tiver a fortuna de vencer este monstro , te prometo um prémio igual à tua lealdade .
ser	E se fores visto de El-Rei , que será de ti ?
ser#	Disse-me : " Com São Miguel irás comer pão e mel como fores enforcado " .
ser	Se fores fiel , arrenda comigo esta ano que vem .
ser	Cismena : Mana , se fores ditosa , dita faz bom parecer .
ser	É um estado de tal privacidade que Wittgenstein indica dizendo " Não podes ouvir Deus a falar com outrem , só o podes ouvir se fores tu a pessoa a quem a palavra é dirigida .
ir	Porque , se fores embora , não encontrar outra cidade para viver .
ir	Para onde fores , Pai .
ir?	Do negro fundo alguns fores sacando .
ir	E quando fores de cantar cansado .
?	Nos membros fores e ânimo crecendo .
ser	Se tu (sejas quem fores) que parado.
ser	Se mais não fores .
ir	Se a não fores chamar , a irei eu buscar .
ir	Quando te fores a erguer .
ser?	Mas pois vós , Senhor , o quereis e ordenais assim , fazei o que fores servido .
n-é-verbo	Duas coisas : Vigiar e observar às minhas portas : Qui vigilat ad fores meas , et observat ad postes ostii mei .
ser	ou se tu não fores tola como tens sido , dou-tos já para os pores a render .
?	A render ?
ir	Vive lançando pregão , por onde fores e vieres , que são mulheres , mulheres .
ser	Desde esse dia ansiarás a morte ; se fores religioso , tudo o que o mundo tem de bom e de mau te fará feliz , quando mais vizinho te vires do túmulo .
ser	Se não fores religioso , a mesma desgraça te fará crente , não nos homens , nem nas superstições dos homens , mas em Deus ...
ser	Tudo que fores hás-de devê-lo a ti .
ir	Prende a musa aí a um tronco de olmo , e , quando te fores embora , leva-a para as noites de Inverno .
ir	disse a ama velha -- Amanhã , quando fores às compras , vai lá da minha parte , e dize-lhe que não mande o retrato da menina , porque houve bulha cá em casa à conta disso .
ser	Se por minha causa fores desgraçada , morrerei .
ir	Se fores para o convento , ainda pode ser que eu peça à caridade da tua prelada que me deixe lê ir acabar os dias ao pé de ti .
ir	Se fores adiante , não hás-de esperar-me muito tempo .
ser	Vai , filho de meu irmão , vai , e não peças perdão para Maria da Glória , que não tem culpas ; pede-o para ti , que foste a causa da sua desgraça , e doutra que te há-de castigar ainda , se fores testemunha dos remorsos do marido .
ir	Se fores adiante de mim , abençoa os meus paroxismos .
ir	Só me verás quando fores .
ir	Quando fores abraçar-la .
?	E sem remédio enfim fores chorado .
ser	Quando de longe fores avistada .
ir	Quando fores ao cemitério Ai Soledad , Soledad !
ir	E tu , se fores , traz-me umas queijadas para a Rosa , que ela gosta !
ser	podes tomar se fores seruido ; a que elle respondeo , valhame Deos , como ?
ir	te nos sustentamos , porem se tu fores por este rio acima â cidade de Pilaucacem onde està el Rey , nòs te segurauamos que em menos de cinco dias venderas dez juncos desses carregados de todas as fazendas que trouxeras por muyto ricas que foraõ , porque ha la mercadores muyto grossos que tratão por cafilas de alifantes , & de bois , & de camellos para toda a terra dos Lauhòs , & Pafuaas , & Gueos , que saõ pouos de g.
ir	Não gracejo , mas antes te dou um cavalo na batalha , se tu fores pera o tomar .
ir	Se fores nesse conhecimento ...
ser	Mas se fores tão cruel que te não vençam meus rogos e lágrimas , lembra-te a que desatinos às vezes obrigam as tamanhas mágoas .
ser	acudiu o pai , foste um pouco guloso , mas na tua idade não admira ; espero que quando fores maior te hás-de corrigir .
ir	Quando fores , nas plantas verdes-negras .
ser	Mana , se fores ditosa , dita faz bom parecer .
ser	Se fores fiel , arrenda comigo este ano que vem .
ir	Hei de ir contigo aonde quer que fores .
ser	Vives no mundo onde a moda é soberana e contudo , vê a fé que eu tenho em ti , estou certa que , se um dia fores mãe , evitarás que te usurpem o amor dos teus filhos essas duas rivais da maternidade -- a ama e a mestra -- e .
ser	E se fores feliz ...
ir	Rezarei logo que fores .
ser	Se fores capaz ...
ir	Que não se abra mesmo para ti se tu lá fores !
ser	amargar aos filhos dos outros , quando fores rico .
ser	Se tu fores fonte , irei topar-te e juntos apagaremos a sede a muita raiz esquecida .
?	Me fores , vem buscar-me -- e tu não crias .
ir	quando fores à empresa , te hei-de dar um capelo , que foi de minha avó , o qual quem o põe ninguém o vê , e pode ir por onde quiser , e entrar em toda parte sem ser visto ; etc.
ir	Bem entendo que me dás este pão por que me cale , e te deixe roubar a casa , não por amor que me tenhas : porém já que o dono da casa me sustenta toda a vida , não deixarei de ladrar , se não te fores , até que ele acorde , e te venha estorvar .
ir	Montou , e disse ao burro : « Se não fores .
ir	Se te fores mirar .
ir	Se lá na sua margem pantanosa com as mãos e focinhos chafurdando do negro fundo alguns fores achando .
ir	Se fores para o céu Bem irás !
ir	Se fores para o purgatório de lá sairás .
ir	Se fores para o inferno Lá ficarás !
ir	A sanção moral funda-se no automatismo do costume , como o revela o anexim : Filho és , pai serás , como vires assim farás ; outras vezes esse automatismo consiste na imitação material de conformação de actos , como neste outro : Se fores a Roma , faz-te ..
ser	Se fores prudente .
ir	Quando fores de noite à rua , Aihée !
ir	Mas se tu fores além , rompendo os compromissos e acordos feitos connosco , lesando àqueles a quem menos deverias lesar , ou seja , a ti mesmo , a teus amigos , a teu país e a nós , ficaríamos indignados contigo enquanto vivesses.
ser	Há ainda « O.ento sabe o que quer » , de Carlos Cunha e Carlos César Cunha , por Inova Fora Nada (há quem os considere os favoritos) ; « Lisboa minha linda cidade » , de Amadeu Diniz da Fonseca e Luís Filipe , por José Carvalho ; « Se fores poema » , de José Manuel Coelho , por Fernanda Lopes ; « Ai , dona Inês » , de Joaquim Pedro Gonçalves e António Carlos Coimbra Henriques , por Tó Carlos .
ir	vais ver quando fores para a tropa , filho , que lá é que nos fazem homens .
ser	Estupidamente lhe perguntei , que pensas fazer pelo País quando fores grande ?
ir	A Pamela ri-se , « se fores ao carro e disseres que és jornalista vão-se logo embora , nem olham para trás » , é verdade , não se consegue falar com os clientes .
ser	Se fores cinzento , não te prestam atenção.
ser	« Se fores capaz de vencer aqui em Havana , então vences em qualquer parte » .
ser	Quando fores mais velho , as coisas serão mais fáceis.
ser	« Quando fores mais velho , as coisas serão mais fáceis » , dizem a uma criança em « O.apagaio de Papel Azul » .
ser	Violência é dizer a uma criança : eu só gostarei de ti se tu fores bom e bonito .
ir	Se não fores até lá , não tens maneira de distinguir entre a sedução e o fascínio , porque só o corpo é capaz de fazer essa distinção .
ir	O amor não vai embora , Só as pessoas vão , Portanto se fores ou se ficares .
ser	Se fores positivo , colhes o que semeias .
ser	Não é se fores honesto .
ser	« Não gritarás quando fores chicoteado ou levares choques eléctricos » .
ir	Polegares ao alto , o « V. de fixe feito pelos « motards » , sinal de plena aprovação , sinónimo de « estamos contigo , vás tu para onde fores » .
ir	Ainda hoje , se fores a Hudson , vês casas como esta .
ir	Como hipótese de trabalho , poderíamos pensar na monarquia como um rito de passagem numa escala geopolítica , digamos , caso se descobrisse para onde é que o reino passava ; pondo de parte essa hipótese , ficamos com a experiência daquilo que poderia ser uma história de reis vista por um lado errado do microscópio , um lado não-oficial : como no poema de Ricardo Reis , « que serás quando fores na noite e ao fim da estrada ?
ser	O que é que queres ser quando fores grande ?
?	E que gostavas de fazer quando fores grande ?
ser	Se algum dia o fores , rasgo a minha licença de treinador » , afirmou então o técnico .
ser	« Ninguém te chateia na escola se fores membro de um 'gang ', o 'gang ' é como uma família , é uma segurança.
ser	Se fores mais crescido , vais divertir-te mais vendo .
ir	Se fores ao banco vais ter de preencher muitos formulários , vai-te levar uma semana e ainda por cima perdes dinheiro .
ir	Se não fores à marmelada , dou-te uma bicicleta ...
ser	E não queres ir lá quando fores grande ?
ir	« Se fores ao Tarrafal procura a Dona Beba , viúva de Nho Papacho , um anjo » .
ser	Seja quem fores que cais com a morte , chora .
ser	Quem é que te vai alimentar quando fores velho ?
ser	Mas se fores paciente , o nosso Deus pode punir mais do que tu » .
ser	Se fores capaz , combina alguns sons , de forma que resulte uma sensação abrasiva para o nosso sentido de audição .
ser	E se na verdade fores a próxima ?
ser	Se fores libertado , o que é que vais dizer ?
ser	Então o que é que tu queres ser quando fores grande ?
ir	Quando te fores embora , não vás de táxi para o aeroporto .
ser	Quando fores crescido , vais perceber » , é uma forma razoável de arrumar o assunto , segundo Emílio Salgueiro .
ser	Porque a ideia de igualdade decorrente da Revolução Francesa é a seguinte : igualdade , sim , mas se fores igual a mim , se abdicares da tua diferença .
ser	« Se fores eleita , vais ter muito que roer » , terá dito a dona da Joclafe , segundo relatou ontem ao Público Fátima .
n-é-verbo	Nos arredores de Joanesburgo , Clinton depôs uma coroa de fores no local onde , há 22 anos , a polícia do « apartheid » abateu um rapaz de 14 anos .
n-é-verbo	Nas Ermidas do Sado , um milhão e quinhentas mil fores de papel embelezam quilómetros de ruas nas Festas de Santa Maria , as mais floridas do Alentejo Litoral .
ir	Se fores ao Rio de Janeiro , há o Canecão , há o Scala , tens sítios mais alternativos , e não é uma grande cidade , eles dizem que é um deserto comparado com São Paulo .
ser	Se fores aluno de 4 ou 5, essa será a tua classificação final .
ir	Jimmy Owens explicou a desoladora ausência de um público negro da maioria dos clubes por razões de natureza económica ( « os negros que têm dinheiro para frequentar os clubes , recusam o jazz como a sua música , mas aceitam estrelas como Ray Charles ; se fores ao Blue Note na próxima semana , então sim , encontrarás muitos negros na sala » ) ; falta de promoção ( « os clubes não investem na promoção dos seus próprios cartazes ; todas as semanas há músicos a tocar em clubes que passam despercebidos porque não são publicitados » ) ; e razões culturais (de novo a ausência de formação musical nas escolas) .
ser	Filho meu , que queres ser quando fores grande ?
ser	O que é que queres ser quando fores grande ?
?	Antes da partida , ele dirigira-se ao seu colega de equipa Riccardo Patrese para lhe dizer : « Se fores segundo atrás de mim , pedi licença para te deixar passar .
ser	O argumento dos ortodoxos é « não és um verdadeiro judeu se não fores ortodoxo » e fazem propaganda constante .
ir	À medida que fores modificando alguns dos teus comportamentos enumerados em 1.1. , vai anotando o que foste conseguindo fazer .
ir	« Quando fores para a escola já não te vais portar assim , ficas lá de castigo » .
ser	« Se fores eleita , vais ter muito que roer » , terá dito a dona da Joclafe , segundo relatou ontem Fátima .
ir	Quando fores a Lisboa vai ter comigo ...
ser	Então o que queres ser quando fores grande , menino ?
ir	Se fores tocar para uma orquestra sinfónica , vais sentir-te como um cão com trela.
ser	Cá te esperamos quando fores sexagenária .
ser	" ou « o que queres ser quando fores grande ?
ir	Pai , para onde fores , irei também trilhando as mesmas ruas ...
?#	A capacitação continuada de professoe 178 em 35 municípios maranhenses , fores , o acompanhamento pedagógico sisteram atendidos .
ser	Quando fores rainha , não precisarás mais andar a pé .
ser	Leitor , quem quer que fores » , termina o prólogo , tu hás de parecer-te com algum destes dois estudantes .
ser	amarfanhar o paletó , com roupas impecáveis que não revelem o esterco que te vai dentro d ' alma ; Se fores capaz de chorar diante de uma CPI , ostentando arrependimento profundo , usando de tudo , filhos , pais .
n-é-verbo#	Villeneuve ainda sente fores dores nas costas , causadas pelas ondulações da pista do GP Brasil e por um problema no banco de seu Bar .
ser	Em 1944, Lilly escreve em seu diário : « Lerás este diário quando não fores mais a judia Schragenheim e sim uma pessoa entre pessoas .
ser	JÚLIO BRESSANE é cineasta , diretor de « O anjo Nasceu » e « Brás Cubas Homem » não deve fugir do combate 11/12/94 Homem não deve fugir do combate Paulo Coelho Colunista da Folha Diz uma bela página da literatura árabe , citada por Mansur Chalita : « A metade do mundo sempre te será adversa : se fores bom , os maus te combaterão .
ser	Se fores mau , os bons te combaterão.
ir	Meu bem , meu sangue , minha verdade honesta : suplica para eu não ir embora , para que eu vá aonde tu fores .
ir	Mas se tu fores além , rompendo os compromissos e acordos feitos connosco , lesando àqueles a quem menos deverias lesar , ou seja , a ti mesmo , a teus amigos , a teu país e a nós , ficaríamos indignados contigo enquanto vivesses , e nossas irmãs , as leis do mundo inferior , vão receber-te como a um inimigo ; porque saberão que tu fizeste o máximo para nos destruir .
ir	E tudo é parte do cristal diverso Da memória que chamam o universo ; Seus corredores áridos jamais Têm fim e as portas fecham-se aonde fores ; Só do lado de lá do ocaso vais Ver os Arquétipos e os Esplendores .
ser	Que importa , se fores feliz ?
ser	Tu que me lês , se ainda fores viva , quando estas páginas vierem à luz , -- tu que me lês , Virgília amada , não reparas na diferença entre a linguagem de hoje e a que primeiro empreguei quando te vi ?
n-é-verbo#	Eram as sensações mais fores e mais deliciosamente dolorosas que já experimentara .
ser	Nega se fores capaz !
ser	Depois de breve pausa , continuou falando outra vez ao retrato : -- Quando ele convencer-me do seu amor e arrancar de meu coração a última raiz desta dúvida atroz , que o dilacera ; quando nele encontrar-te a ti , o meu ideal , o soberano de meu amor ; quanto tu e ele fores um , e que eu não vos possa distinguir nem no meu afeto , nem nas minhas recordações ; nesse dia , eu lhe pertenço ...
ser	E voltando-se para a afilhada : -- Pensa e resolve , minha filha , disse ela ; e se fores feliz , serei-lo ainda mais do que tu .
ir	Nenhum disto é capaz Mas , à medida que vivendo fores , melhor os compreendará .
n-é-verbo?	Key words : giant African snail , biological invasions , urban fauna , invasive alien species , Atlantic fores Introdução O.aramujo Achatina fulica Bowdich , 1822 é classificado entre as cem piores espécies exóticas invasoras de ocorrência mundial .
ser	Depois acrescentou : « Se fores surpreendida no caminho pelo inimigo ...
n-é-verbo	Palavras-chave : fores , inteligência competitiva , gestão do conhecimento , gestão da inovação , gestão da competitividade .
ir	dizendo-lhe : fores saindo , deixe um rastro de farinha !
ser	Disse D. Rita : « Minha filha , se fores médica algum dia , praticas sempre a caridade » .
ir	Se fores , como eu fui , lá onde a flor Tem do perfume a alma inebriante , Lá onde brilha mais que o diamante A.ágrima da dor ...
?	Em carta de 24 do mesmo mês , pede : « Quando fores ao Centro Cívico peço-te o favor de ver em que situação está a parede , onde farei o baixo-relevo » (COZZO , 1953 c ; sem grifo no original) .
ser	Essa opinião acerca da mulher deu mesmo origem a um curioso adágio , recolhido por Antonio Delicado : se não fores casta , sê cauta .
ser	Portanto , se fores derrubado , sucederá um pior no teu lugar .
ser	voar pelos nossos céus , alinhando-te nas esquadrilhas da reação ativa ­ defende-te , aqui mesmo , auxiliando , forma que fores capaz.
ser	Tu não podes dizer para os outros : sejam honestos se tu não fores .
ser	Se fores crédula , outras colherão teus prazeres , Também aquela lebre incessantemente perseguida será de outras , Também aquela que prestimosa te oferece o leito e o quarto , Crê em mim , não esteve comigo apenas uma vez .
ser	Mesmo se fores feia , podes parecer bonita E. própria noite esconderá tuas imperfeições .
ir	Bailey faz um exercício para a compreensão desta teoria , a partir de um dito parabólico : Em Lucas 9:57-58 o texto diz : « Indo eles caminho fora , Seguir-te-ei para onde quer que fores.
n-é-verbo	para a interação entre os fores módulo e profundidade , Camboriú , jan a out/2004 .
ir	Se tu fores perguntar para todo mundo daqui , a maioria não tem nenhum documento que comprove a posse do lote .
ir	Se tu fores fazer o bem , uma limpeza , tu sai por ruim ainda .
ir	Se tu fores ali atrás vais pensar que somos nós quem jogamos , pois é tudo cheio de lixo que os outros jogam e a maré trás de volta.
ir	a cidade foi ocupada pelo exército né , a igreja da Trindade ficou cercada , se tu fores nos jornais da época tu vais encontrar fotos disso .
ir	Se tu fores pegar qualquer outra organização aí fora , é totalmente incompatível com isso aqui , até porque , digamos assim , embora existam os postos de comando , as direções , mas existe uma diretriz que é para todos .
ir	Mas na verdade , há somente um estado mental do qual tu podes « partir » , nomeadamente , o próprio estado mental em que efetivamente te encontras no momento em que fores « partir » ­ um estado em que estás carregado com uma massa imensa de cognição já formada , da qual não poderias te desvencilhar se quisesse ; e quem sabe se , se pudesses , não tornarias todo conhecimento impossível para ti ?
ser	Uma vez que a opção é feita , se não for possível aplicar os absorvedores nas máximas amplitudes , ou se eles fores aplicados em nós de deslocamento nulo , pode-se ter um desempenho aquém do esperado e as reduções não alcançam níveis adequados .
ir	Eu vejo como muito importante , só que há carências , pode ver , se hoje fores para a rua , nem todos estão lá com o colete , pode até ter colete , mas muitos resistem porque é um equipamento que incomoda , principalmente no verão , a pessoa sua .
ir	Quanto ao grau de desenvolvimento psicológico , diz-se que a maior parte das personagens são planas-tipo , segundo a classificação de Forster (1974) , como 'o polícia ' (policial) , 'o motorista de táxi ', 'o ajudante de farmácia ', 'a criada de hotel ', a identificada como 'aonde tu fores , irei ', e 'o ladrão de carros ', entre outras , pois são definidas linearmente , isto é , são previsíveis e representadas por papéis sociais pré-definidos .
ser	Quando fores surpreendido , surpreende o inimigo .
ir	Se tu fores comparar produto com produto não há muita diferença é quase um mercado de commodities , o que você faz para deixar um produto diferente do outro é trabalhar a marca de uma forma diferente dentro do produto , com aviamentos , com pequenos detalhes , mas que você torna o produto especial .
ser	pelo que poderás vir a entender , quando fores homem , que todas as desgraças que sucedem às pessoas , aos reinos , às cidades e aos povoados .
ir	Valdeastillas é um lugar próximo a Valladolid , no caminho de Madri , nomeado no refraneiro ; Cervantes alude a um conto popular compilado por Quando fores a Valdeastillas , por mais mercês de Deus que te façam , não as recebe .
ser	Quando fores supreendido , supreende o inimigo.
ir	Na verdade , se tu fores fazer uma análise bem criteriosa não existia nem um indicador praticamente de avaliação de desempenho ", afirma o E6 .
ir	E ainda libera se tu fores ver a piazada estão todos em restaurantes trabalhando em São Paulo por que é oportunidade de vida ...
ir	Por esta razão o pio autor aconselhou : " quando te fores deitar na tua cama , não olhes para o leito como lugar de descanso de teu corpo , senão como tribunal do juízo de tua alma pois nesse leito , e nessa noite podes morrer , e ser julgado .
ir	Destacando a importância da contrição e do sacramento da penitência , o pio autor insistia : Se fores contra ti testemunha fiel não dissimulando as culpas , e testemunha veloz , não retardando a penitência , não te causará horror , mas alegria , que o Supremo Juiz seja testemunha veloz , e testemunha fiel .
ser	Universidade Federal Fluminense do Rio De Janeiro Niterói Dezembro 2005 importa o tamanho da queda , se fores persistente , chegarás ao topo , ileso , novamente .
ser	Se fores pobre , adeus todo respeito !
n-é-verbo#	Cultivavam feijão , milho , batata-doce , trigo , fumo , fores e batatinha , e o excedente era vendido em Curitiba , sendo transportado por carroças em viagens semanais .
ir	Mas , à medida que vivendo fores , Melhor os compreenderás .
ser	No templo consagrado a Atena , existente dentro da cidade , as mulheres proferem preces e fazem promessas : Ó venerável Atena , defesa de nossa cidade , quebra do forte Diomedes a lança , ou o derruba tu própria das portas Céias em frente , de bruços no solo fecundo , que doze vacas ao templo , sem mora , viremos trazer-te , ainda indomadas , apenas de um ano , se fores benigna para a cidade , as esposas dos Teucros e nossos filhinhos!.
ser	Que horas que te não tornem Da estatura da sombra Que serás quando fores Na noite e ao fim da estrada .
ir	do que tiveres no pomar plantado Apanhas os frutos e recolhes as flores ; Mas lavra ainda e planta o teu eirado , Que outros virão colher quando te fores .
ser	Encontrando Jesus , certo dia , jogou-se a seus pés : « Promete-me , quando fores rei , que estes meus dois filhos estarão um à tua direita e outro à tua esquerda » .
ir	Não sei onde encontrei esses dizeres : « Onde estiveres e para onde fores , aí , com certeza , sempre encontrarás um bem que Deus te preparou .
ir	« Um escriba aproximou-se e lhe disse : Mestre , eu te seguirei aonde quer que fores » (Mt 8,19) .
ir	E quando , cantando fores , sê lembrança como tantas ; humilde volta ao Celeste a sua principal obra , mas o trabalho incansável de trazer novamente o Papa a Roma .
ser	Em verdade , em verdade te digo , quando eras jovem , tu te cingias e andavas por onde querias ; quando fores velho , estenderás as mãos e outro te cingirá e te conduzirá aonde não queres .
ir	Se fores formar professores , à luz de minha doutrina , pratica a minha rotina de seja ocupado por outras áreas de conhecimento mais nobres , nos olhos da modernidade .
ir	­ Se fores , vai ao « Splendid » , pois eu vou eleva uma fita que deve ser muito interessante .
ser	Nem sequer sussurres os pecados alheios enquanto tu próprio fores pecador .
ser	Eis um trecho do livro : Toma uma mulher enquanto fores jovem , para que possas gerar um filho .
ser	E para que ela possa pari-lo enquanto ainda fores moço .
ir	Quando andavam pelo caminho , um homem lhe disse : « Eu te seguirei por onde quer que fores » .
ir	Então , um mestre da lei aproximou-se e disse : « Mestre , eu te seguirei por onde quer que fores » .
ir	Então Moisés lhe declarou : « Se não fores connosco , não nos envies .
ir	Aonde fores irei , onde ficares ficarei !
ir	Juro pelo Senhor que , se não fores , nem um só deles permanecerá contigo esta noite , o que para ti seria pior do que todas as desgraças que já te aconteceram desde a tua juventude » .
ser	Eles responderam : « Se hoje fores bom para esse povo , se o agradares e lhe deres resposta favorável , eles sempre serão teus servos » .
?	A informação de que Marighella é o autor do folheto Se fores preso , camarada .
ser	Sei apenas que quando fores um pouco mais velha te tornarás mulher dele , e sei também que estiveste muito doente , e foste muito infeliz e que , de momento , é preferível que não vivas em casa dos teus pais .
ser	Se não fores tu , Deus o desafiara , Quem o fará ?
ser	No dia em que o comunismo triunfar e tu fores feito comissário , estaremos todos perdidos .
ser	mas Alicinha havia prometido : « Se fores boazinha , eu te deixo pegar a minha filha.
ser	Um dia , quando fores grande , compreenderás melhor tudo isso ...
ir	Há um verso que diz : Se fores ao rio pescar E. fortuna te não deixe , Atira a rede e espera Quanto mais burro , mais peixe .
ser	Que é que vais ser quando fores grande ?
n-é-verbo	Para meu gosto , Proust é o mais repelente de todos os fores burgueses .
ser	Com que cara vou ficar se fores reprovada no exame ?
ir	Se pedires à tua mãe , ou fores a um hipermercado , podes arranjar embalagens de cartão , daquelas que levam muitos ovos .
ir	Se tu fores lá , tu vais gostar .
ir	Mas se tu fores andando lá na rua do Catete , chegar em frente ao palácio do Catete , você vai ver que tem uma pequena saliência em que tu sobes e entra no Catete .
